  apple.cpp
  draw.cpp
  engine.cpp
D:\SFML Snake Game\SFML Snake Game\SFML Snake Game\engine.cpp(7,53): warning C4244: 'argument': conversion from 'T' to 'unsigned int', possible loss of data
          with
          [
              T=float
          ]
D:\SFML Snake Game\SFML Snake Game\SFML Snake Game\engine.cpp(7,39): warning C4244: 'argument': conversion from 'T' to 'unsigned int', possible loss of data
          with
          [
              T=float
          ]
D:\SFML Snake Game\SFML Snake Game\SFML Snake Game\engine.cpp(116,15): warning C4244: 'argument': conversion from 'time_t' to 'unsigned int', possible loss of data
D:\SFML Snake Game\SFML Snake Game\SFML Snake Game\engine.cpp(196,71): warning C4244: 'argument': conversion from 'int' to 'T', possible loss of data
          with
          [
              T=float
          ]
D:\SFML Snake Game\SFML Snake Game\SFML Snake Game\engine.cpp(196,63): warning C4244: 'argument': conversion from 'int' to 'T', possible loss of data
          with
          [
              T=float
          ]
  input.cpp
  main.cpp
  snakesection.cpp
  update.cpp
D:\SFML Snake Game\SFML Snake Game\SFML Snake Game\update.cpp(66,27): warning C4018: '<': signed/unsigned mismatch
D:\SFML Snake Game\SFML Snake Game\SFML Snake Game\update.cpp(104,27): warning C4018: '<': signed/unsigned mismatch
  wall.cpp
  Generating Code...
wall.obj : error LNK2019: unresolved external symbol "__declspec(dllimport) public: void __thiscall sf::Transformable::setPosition(class sf::Vector2<float> const &)" (__imp_?setPosition@Transformable@sf@@QAEXABV?$Vector2@M@2@@Z) referenced in function "public: class sf::RectangleShape __thiscall Wall::getShape(void)" (?getShape@Wall@@QAE?AVRectangleShape@sf@@XZ)
apple.obj : error LNK2001: unresolved external symbol "__declspec(dllimport) public: void __thiscall sf::Transformable::setPosition(class sf::Vector2<float> const &)" (__imp_?setPosition@Transformable@sf@@QAEXABV?$Vector2@M@2@@Z)
engine.obj : error LNK2001: unresolved external symbol "__declspec(dllimport) public: void __thiscall sf::Transformable::setPosition(class sf::Vector2<float> const &)" (__imp_?setPosition@Transformable@sf@@QAEXABV?$Vector2@M@2@@Z)
snakesection.obj : error LNK2001: unresolved external symbol "__declspec(dllimport) public: void __thiscall sf::Transformable::setPosition(class sf::Vector2<float> const &)" (__imp_?setPosition@Transformable@sf@@QAEXABV?$Vector2@M@2@@Z)
update.obj : error LNK2001: unresolved external symbol "__declspec(dllimport) public: void __thiscall sf::Transformable::setPosition(class sf::Vector2<float> const &)" (__imp_?setPosition@Transformable@sf@@QAEXABV?$Vector2@M@2@@Z)
apple.obj : error LNK2019: unresolved external symbol "__declspec(dllimport) public: void __thiscall sf::Shape::setFillColor(class sf::Color const &)" (__imp_?setFillColor@Shape@sf@@QAEXABVColor@2@@Z) referenced in function "public: __thiscall Apple::Apple(void)" (??0Apple@@QAE@XZ)
snakesection.obj : error LNK2001: unresolved external symbol "__declspec(dllimport) public: void __thiscall sf::Shape::setFillColor(class sf::Color const &)" (__imp_?setFillColor@Shape@sf@@QAEXABVColor@2@@Z)
wall.obj : error LNK2001: unresolved external symbol "__declspec(dllimport) public: void __thiscall sf::Shape::setFillColor(class sf::Color const &)" (__imp_?setFillColor@Shape@sf@@QAEXABVColor@2@@Z)
apple.obj : error LNK2019: unresolved external symbol "__declspec(dllimport) public: __thiscall sf::RectangleShape::RectangleShape(class sf::Vector2<float> const &)" (__imp_??0RectangleShape@sf@@QAE@ABV?$Vector2@M@1@@Z) referenced in function "public: __thiscall Apple::Apple(void)" (??0Apple@@QAE@XZ)
snakesection.obj : error LNK2001: unresolved external symbol "__declspec(dllimport) public: __thiscall sf::RectangleShape::RectangleShape(class sf::Vector2<float> const &)" (__imp_??0RectangleShape@sf@@QAE@ABV?$Vector2@M@1@@Z)
wall.obj : error LNK2001: unresolved external symbol "__declspec(dllimport) public: __thiscall sf::RectangleShape::RectangleShape(class sf::Vector2<float> const &)" (__imp_??0RectangleShape@sf@@QAE@ABV?$Vector2@M@1@@Z)
apple.obj : error LNK2019: unresolved external symbol "__declspec(dllimport) public: void __thiscall sf::RectangleShape::setSize(class sf::Vector2<float> const &)" (__imp_?setSize@RectangleShape@sf@@QAEXABV?$Vector2@M@2@@Z) referenced in function "public: __thiscall Apple::Apple(void)" (??0Apple@@QAE@XZ)
snakesection.obj : error LNK2001: unresolved external symbol "__declspec(dllimport) public: void __thiscall sf::RectangleShape::setSize(class sf::Vector2<float> const &)" (__imp_?setSize@RectangleShape@sf@@QAEXABV?$Vector2@M@2@@Z)
wall.obj : error LNK2001: unresolved external symbol "__declspec(dllimport) public: void __thiscall sf::RectangleShape::setSize(class sf::Vector2<float> const &)" (__imp_?setSize@RectangleShape@sf@@QAEXABV?$Vector2@M@2@@Z)
snakesection.obj : error LNK2019: unresolved external symbol "__declspec(dllimport) public: virtual __thiscall sf::RectangleShape::~RectangleShape(void)" (__imp_??1RectangleShape@sf@@UAE@XZ) referenced in function "char * __cdecl std::_Maklocstr<char>(char const *,char *,struct _Cvtvec const &)" (??$_Maklocstr@D@std@@YAPADPBDPADABU_Cvtvec@@@Z)
update.obj : error LNK2001: unresolved external symbol "__declspec(dllimport) public: virtual __thiscall sf::RectangleShape::~RectangleShape(void)" (__imp_??1RectangleShape@sf@@UAE@XZ)
wall.obj : error LNK2001: unresolved external symbol "__declspec(dllimport) public: virtual __thiscall sf::RectangleShape::~RectangleShape(void)" (__imp_??1RectangleShape@sf@@UAE@XZ)
apple.obj : error LNK2001: unresolved external symbol "__declspec(dllimport) public: virtual __thiscall sf::RectangleShape::~RectangleShape(void)" (__imp_??1RectangleShape@sf@@UAE@XZ)
draw.obj : error LNK2001: unresolved external symbol "__declspec(dllimport) public: virtual __thiscall sf::RectangleShape::~RectangleShape(void)" (__imp_??1RectangleShape@sf@@UAE@XZ)
engine.obj : error LNK2001: unresolved external symbol "__declspec(dllimport) public: virtual __thiscall sf::RectangleShape::~RectangleShape(void)" (__imp_??1RectangleShape@sf@@UAE@XZ)
main.obj : error LNK2001: unresolved external symbol "__declspec(dllimport) public: virtual __thiscall sf::RectangleShape::~RectangleShape(void)" (__imp_??1RectangleShape@sf@@UAE@XZ)
apple.obj : error LNK2019: unresolved external symbol "__declspec(dllimport) public: __thiscall sf::RectangleShape::RectangleShape(class sf::RectangleShape const &)" (__imp_??0RectangleShape@sf@@QAE@ABV01@@Z) referenced in function "public: class sf::RectangleShape __thiscall Apple::getSprite(void)" (?getSprite@Apple@@QAE?AVRectangleShape@sf@@XZ)
engine.obj : error LNK2001: unresolved external symbol "__declspec(dllimport) public: __thiscall sf::RectangleShape::RectangleShape(class sf::RectangleShape const &)" (__imp_??0RectangleShape@sf@@QAE@ABV01@@Z)
snakesection.obj : error LNK2001: unresolved external symbol "__declspec(dllimport) public: __thiscall sf::RectangleShape::RectangleShape(class sf::RectangleShape const &)" (__imp_??0RectangleShape@sf@@QAE@ABV01@@Z)
wall.obj : error LNK2001: unresolved external symbol "__declspec(dllimport) public: __thiscall sf::RectangleShape::RectangleShape(class sf::RectangleShape const &)" (__imp_??0RectangleShape@sf@@QAE@ABV01@@Z)
apple.obj : error LNK2019: unresolved external symbol "__declspec(dllimport) public: static class sf::Color const sf::Color::Red" (__imp_?Red@Color@sf@@2V12@B) referenced in function "public: __thiscall Apple::Apple(void)" (??0Apple@@QAE@XZ)
draw.obj : error LNK2019: unresolved external symbol "__declspec(dllimport) public: void __thiscall sf::Window::display(void)" (__imp_?display@Window@sf@@QAEXXZ) referenced in function "public: void __thiscall Engine::draw(void)" (?draw@Engine@@QAEXXZ)
draw.obj : error LNK2019: unresolved external symbol "__declspec(dllimport) public: void __thiscall sf::RenderTarget::clear(class sf::Color const &)" (__imp_?clear@RenderTarget@sf@@QAEXABVColor@2@@Z) referenced in function "public: void __thiscall Engine::draw(void)" (?draw@Engine@@QAEXXZ)
    Hint on symbols that are defined and could potentially match:
      "__declspec(dllimport) public: void __thiscall std::basic_ios<char,struct std::char_traits<char> >::clear(int,bool)" (__imp_?clear@?$basic_ios@DU?$char_traits@D@std@@@std@@QAEXH_N@Z)
draw.obj : error LNK2019: unresolved external symbol "__declspec(dllimport) public: void __thiscall sf::RenderTarget::draw(class sf::Drawable const &,class sf::RenderStates const &)" (__imp_?draw@RenderTarget@sf@@QAEXABVDrawable@2@ABVRenderStates@2@@Z) referenced in function "public: void __thiscall Engine::draw(void)" (?draw@Engine@@QAEXXZ)
draw.obj : error LNK2019: unresolved external symbol "__declspec(dllimport) public: static class sf::RenderStates const sf::RenderStates::Default" (__imp_?Default@RenderStates@sf@@2V12@B) referenced in function "public: void __thiscall Engine::draw(void)" (?draw@Engine@@QAEXXZ)
draw.obj : error LNK2019: unresolved external symbol "__declspec(dllimport) public: static class sf::Color const sf::Color::Black" (__imp_?Black@Color@sf@@2V12@B) referenced in function "public: void __thiscall Engine::draw(void)" (?draw@Engine@@QAEXXZ)
engine.obj : error LNK2001: unresolved external symbol "__declspec(dllimport) public: static class sf::Color const sf::Color::Black" (__imp_?Black@Color@sf@@2V12@B)
engine.obj : error LNK2019: unresolved external symbol "__declspec(dllimport) public: __thiscall sf::Time::Time(void)" (__imp_??0Time@sf@@QAE@XZ) referenced in function "public: __thiscall Engine::Engine(void)" (??0Engine@@QAE@XZ)
engine.obj : error LNK2019: unresolved external symbol "__declspec(dllimport) class sf::Time __cdecl sf::seconds(float)" (__imp_?seconds@sf@@YA?AVTime@1@M@Z) referenced in function "void __cdecl `dynamic initializer for 'private: static class sf::Time const Engine::TimePerFrame''(void)" (??__E?TimePerFrame@Engine@@0VTime@sf@@B@@YAXXZ)
update.obj : error LNK2001: unresolved external symbol "__declspec(dllimport) class sf::Time __cdecl sf::seconds(float)" (__imp_?seconds@sf@@YA?AVTime@1@M@Z)
engine.obj : error LNK2019: unresolved external symbol "__declspec(dllimport) class sf::Time __cdecl sf::milliseconds(int)" (__imp_?milliseconds@sf@@YA?AVTime@1@H@Z) referenced in function "public: void __thiscall Engine::run(void)" (?run@Engine@@QAEXXZ)
engine.obj : error LNK2019: unresolved external symbol "__declspec(dllimport) class sf::Time & __cdecl sf::operator+=(class sf::Time &,class sf::Time)" (__imp_??Ysf@@YAAAVTime@0@AAV10@V10@@Z) referenced in function "public: void __thiscall Engine::run(void)" (?run@Engine@@QAEXXZ)
engine.obj : error LNK2019: unresolved external symbol "__declspec(dllimport) public: __thiscall sf::Clock::Clock(void)" (__imp_??0Clock@sf@@QAE@XZ) referenced in function "public: void __thiscall Engine::run(void)" (?run@Engine@@QAEXXZ)
engine.obj : error LNK2019: unresolved external symbol "__declspec(dllimport) public: class sf::Time __thiscall sf::Clock::restart(void)" (__imp_?restart@Clock@sf@@QAE?AVTime@2@XZ) referenced in function "public: void __thiscall Engine::run(void)" (?run@Engine@@QAEXXZ)
engine.obj : error LNK2019: unresolved external symbol "__declspec(dllimport) void __cdecl sf::sleep(class sf::Time)" (__imp_?sleep@sf@@YAXVTime@1@@Z) referenced in function "public: void __thiscall Engine::run(void)" (?run@Engine@@QAEXXZ)
engine.obj : error LNK2019: unresolved external symbol "__declspec(dllimport) public: __thiscall sf::String::String(char const *,class std::locale const &)" (__imp_??0String@sf@@QAE@PBDABVlocale@std@@@Z) referenced in function "public: __thiscall Engine::Engine(void)" (??0Engine@@QAE@XZ)
engine.obj : error LNK2019: unresolved external symbol "__declspec(dllimport) public: __thiscall sf::String::String(class std::basic_string<char,struct std::char_traits<char>,class std::allocator<char> > const &,class std::locale const &)" (__imp_??0String@sf@@QAE@ABV?$basic_string@DU?$char_traits@D@std@@V?$allocator@D@2@@std@@ABVlocale@3@@Z) referenced in function "public: static void __cdecl std::_Default_allocator_traits<class std::allocator<class sf::String> >::construct<class sf::String,class std::basic_string<char,struct std::char_traits<char>,class std::allocator<char> > >(class std::allocator<class sf::String> &,class sf::String * const,class std::basic_string<char,struct std::char_traits<char>,class std::allocator<char> > &&)" (??$construct@VString@sf@@V?$basic_string@DU?$char_traits@D@std@@V?$allocator@D@2@@std@@@?$_Default_allocator_traits@V?$allocator@VString@sf@@@std@@@std@@SAXAAV?$allocator@VString@sf@@@1@QAVString@sf@@$$QAV?$basic_string@DU?$char_traits@D@std@@V?$allocator@D@2@@1@@Z)
update.obj : error LNK2001: unresolved external symbol "__declspec(dllimport) public: __thiscall sf::String::String(class std::basic_string<char,struct std::char_traits<char>,class std::allocator<char> > const &,class std::locale const &)" (__imp_??0String@sf@@QAE@ABV?$basic_string@DU?$char_traits@D@std@@V?$allocator@D@2@@std@@ABVlocale@3@@Z)
engine.obj : error LNK2019: unresolved external symbol "__declspec(dllimport) public: __thiscall sf::String::String(class sf::String const &)" (__imp_??0String@sf@@QAE@ABV01@@Z) referenced in function "public: static void __cdecl std::_Default_allocator_traits<class std::allocator<class sf::String> >::construct<class sf::String,class sf::String &>(class std::allocator<class sf::String> &,class sf::String * const,class sf::String &)" (??$construct@VString@sf@@AAV12@@?$_Default_allocator_traits@V?$allocator@VString@sf@@@std@@@std@@SAXAAV?$allocator@VString@sf@@@1@QAVString@sf@@AAV34@@Z)
engine.obj : error LNK2019: unresolved external symbol "__declspec(dllimport) public: __thiscall sf::String::operator class std::basic_string<char,struct std::char_traits<char>,class std::allocator<char> >(void)const " (__imp_??BString@sf@@QBE?AV?$basic_string@DU?$char_traits@D@std@@V?$allocator@D@2@@std@@XZ) referenced in function "public: void __thiscall Engine::loadLevel(int)" (?loadLevel@Engine@@QAEXH@Z)
engine.obj : error LNK2019: unresolved external symbol "__declspec(dllimport) public: __thiscall sf::String::~String(void)" (__imp_??1String@sf@@QAE@XZ) referenced in function "public: __thiscall Engine::Engine(void)" (??0Engine@@QAE@XZ)
main.obj : error LNK2001: unresolved external symbol "__declspec(dllimport) public: __thiscall sf::String::~String(void)" (__imp_??1String@sf@@QAE@XZ)
update.obj : error LNK2001: unresolved external symbol "__declspec(dllimport) public: __thiscall sf::String::~String(void)" (__imp_??1String@sf@@QAE@XZ)
engine.obj : error LNK2019: unresolved external symbol "__declspec(dllimport) public: __thiscall sf::VideoMode::VideoMode(unsigned int,unsigned int,unsigned int)" (__imp_??0VideoMode@sf@@QAE@III@Z) referenced in function "public: __thiscall Engine::Engine(void)" (??0Engine@@QAE@XZ)
engine.obj : error LNK2019: unresolved external symbol "__declspec(dllimport) public: void __thiscall sf::Window::create(class sf::VideoMode,class sf::String const &,unsigned int,struct sf::ContextSettings const &)" (__imp_?create@Window@sf@@QAEXVVideoMode@2@ABVString@2@IABUContextSettings@2@@Z) referenced in function "public: __thiscall Engine::Engine(void)" (??0Engine@@QAE@XZ)
engine.obj : error LNK2019: unresolved external symbol "__declspec(dllimport) public: bool __thiscall sf::Window::isOpen(void)const " (__imp_?isOpen@Window@sf@@QBE_NXZ) referenced in function "public: void __thiscall Engine::run(void)" (?run@Engine@@QAEXXZ)
engine.obj : error LNK2019: unresolved external symbol "__declspec(dllimport) public: void __thiscall sf::Window::setFramerateLimit(unsigned int)" (__imp_?setFramerateLimit@Window@sf@@QAEXI@Z) referenced in function "public: __thiscall Engine::Engine(void)" (??0Engine@@QAE@XZ)
engine.obj : error LNK2019: unresolved external symbol "__declspec(dllimport) public: class sf::Rect<float> __thiscall sf::Shape::getGlobalBounds(void)const " (__imp_?getGlobalBounds@Shape@sf@@QBE?AV?$Rect@M@2@XZ) referenced in function "public: void __thiscall Engine::moveApple(void)" (?moveApple@Engine@@QAEXXZ)
update.obj : error LNK2001: unresolved external symbol "__declspec(dllimport) public: class sf::Rect<float> __thiscall sf::Shape::getGlobalBounds(void)const " (__imp_?getGlobalBounds@Shape@sf@@QBE?AV?$Rect@M@2@XZ)
engine.obj : error LNK2019: unresolved external symbol "__declspec(dllimport) public: __thiscall sf::Font::Font(void)" (__imp_??0Font@sf@@QAE@XZ) referenced in function "public: __thiscall Engine::Engine(void)" (??0Engine@@QAE@XZ)
engine.obj : error LNK2019: unresolved external symbol "__declspec(dllimport) public: __thiscall sf::Font::~Font(void)" (__imp_??1Font@sf@@QAE@XZ) referenced in function __unwindfunclet$??0Engine@@QAE@XZ$6
main.obj : error LNK2001: unresolved external symbol "__declspec(dllimport) public: __thiscall sf::Font::~Font(void)" (__imp_??1Font@sf@@QAE@XZ)
engine.obj : error LNK2019: unresolved external symbol "__declspec(dllimport) public: bool __thiscall sf::Font::loadFromFile(class std::basic_string<char,struct std::char_traits<char>,class std::allocator<char> > const &)" (__imp_?loadFromFile@Font@sf@@QAE_NABV?$basic_string@DU?$char_traits@D@std@@V?$allocator@D@2@@std@@@Z) referenced in function "public: __thiscall Engine::Engine(void)" (??0Engine@@QAE@XZ)
engine.obj : error LNK2019: unresolved external symbol "__declspec(dllimport) public: __thiscall sf::RectangleShape::RectangleShape(class sf::RectangleShape &&)" (__imp_??0RectangleShape@sf@@QAE@$$QAV01@@Z) referenced in function "public: __thiscall SnakeSection::SnakeSection(class SnakeSection &&)" (??0SnakeSection@@QAE@$$QAV0@@Z)
engine.obj : error LNK2019: unresolved external symbol "__declspec(dllimport) public: __thiscall sf::RenderWindow::RenderWindow(void)" (__imp_??0RenderWindow@sf@@QAE@XZ) referenced in function "public: __thiscall Engine::Engine(void)" (??0Engine@@QAE@XZ)
engine.obj : error LNK2019: unresolved external symbol "__declspec(dllimport) public: virtual __thiscall sf::RenderWindow::~RenderWindow(void)" (__imp_??1RenderWindow@sf@@UAE@XZ) referenced in function __unwindfunclet$??0Engine@@QAE@XZ$0
main.obj : error LNK2001: unresolved external symbol "__declspec(dllimport) public: virtual __thiscall sf::RenderWindow::~RenderWindow(void)" (__imp_??1RenderWindow@sf@@UAE@XZ)
engine.obj : error LNK2019: unresolved external symbol "__declspec(dllimport) public: __thiscall sf::Text::Text(void)" (__imp_??0Text@sf@@QAE@XZ) referenced in function "public: __thiscall Engine::Engine(void)" (??0Engine@@QAE@XZ)
engine.obj : error LNK2019: unresolved external symbol "__declspec(dllimport) public: void __thiscall sf::Text::setString(class sf::String const &)" (__imp_?setString@Text@sf@@QAEXABVString@2@@Z) referenced in function "public: void __thiscall Engine::beginNextLevel(void)" (?beginNextLevel@Engine@@QAEXXZ)
update.obj : error LNK2001: unresolved external symbol "__declspec(dllimport) public: void __thiscall sf::Text::setString(class sf::String const &)" (__imp_?setString@Text@sf@@QAEXABVString@2@@Z)
engine.obj : error LNK2019: unresolved external symbol "__declspec(dllimport) public: void __thiscall sf::Text::setFont(class sf::Font const &)" (__imp_?setFont@Text@sf@@QAEXABVFont@2@@Z) referenced in function "public: static void __cdecl Engine::setupText(class sf::Text *,class sf::Font const &,class sf::String const &,int,class sf::Color)" (?setupText@Engine@@SAXPAVText@sf@@ABVFont@3@ABVString@3@HVColor@3@@Z)
engine.obj : error LNK2019: unresolved external symbol "__declspec(dllimport) public: void __thiscall sf::Text::setCharacterSize(unsigned int)" (__imp_?setCharacterSize@Text@sf@@QAEXI@Z) referenced in function "public: static void __cdecl Engine::setupText(class sf::Text *,class sf::Font const &,class sf::String const &,int,class sf::Color)" (?setupText@Engine@@SAXPAVText@sf@@ABVFont@3@ABVString@3@HVColor@3@@Z)
engine.obj : error LNK2019: unresolved external symbol "__declspec(dllimport) public: void __thiscall sf::Text::setFillColor(class sf::Color const &)" (__imp_?setFillColor@Text@sf@@QAEXABVColor@2@@Z) referenced in function "public: static void __cdecl Engine::setupText(class sf::Text *,class sf::Font const &,class sf::String const &,int,class sf::Color)" (?setupText@Engine@@SAXPAVText@sf@@ABVFont@3@ABVString@3@HVColor@3@@Z)
engine.obj : error LNK2019: unresolved external symbol "__declspec(dllimport) public: void __thiscall sf::Text::setOutlineColor(class sf::Color const &)" (__imp_?setOutlineColor@Text@sf@@QAEXABVColor@2@@Z) referenced in function "public: __thiscall Engine::Engine(void)" (??0Engine@@QAE@XZ)
engine.obj : error LNK2019: unresolved external symbol "__declspec(dllimport) public: void __thiscall sf::Text::setOutlineThickness(float)" (__imp_?setOutlineThickness@Text@sf@@QAEXM@Z) referenced in function "public: __thiscall Engine::Engine(void)" (??0Engine@@QAE@XZ)
engine.obj : error LNK2019: unresolved external symbol "__declspec(dllimport) public: class sf::Rect<float> __thiscall sf::Text::getLocalBounds(void)const " (__imp_?getLocalBounds@Text@sf@@QBE?AV?$Rect@M@2@XZ) referenced in function "public: __thiscall Engine::Engine(void)" (??0Engine@@QAE@XZ)
update.obj : error LNK2001: unresolved external symbol "__declspec(dllimport) public: class sf::Rect<float> __thiscall sf::Text::getLocalBounds(void)const " (__imp_?getLocalBounds@Text@sf@@QBE?AV?$Rect@M@2@XZ)
engine.obj : error LNK2019: unresolved external symbol "__declspec(dllimport) public: class sf::Rect<float> __thiscall sf::Text::getGlobalBounds(void)const " (__imp_?getGlobalBounds@Text@sf@@QBE?AV?$Rect@M@2@XZ) referenced in function "public: __thiscall Engine::Engine(void)" (??0Engine@@QAE@XZ)
update.obj : error LNK2001: unresolved external symbol "__declspec(dllimport) public: class sf::Rect<float> __thiscall sf::Text::getGlobalBounds(void)const " (__imp_?getGlobalBounds@Text@sf@@QBE?AV?$Rect@M@2@XZ)
engine.obj : error LNK2019: unresolved external symbol "__declspec(dllimport) public: virtual __thiscall sf::Text::~Text(void)" (__imp_??1Text@sf@@UAE@XZ) referenced in function __unwindfunclet$??0Engine@@QAE@XZ$7
main.obj : error LNK2001: unresolved external symbol "__declspec(dllimport) public: virtual __thiscall sf::Text::~Text(void)" (__imp_??1Text@sf@@UAE@XZ)
engine.obj : error LNK2019: unresolved external symbol "__declspec(dllimport) public: static class sf::Time const sf::Time::Zero" (__imp_?Zero@Time@sf@@2V12@B) referenced in function "public: void __thiscall Engine::startTheGame(void)" (?startTheGame@Engine@@QAEXXZ)
update.obj : error LNK2001: unresolved external symbol "__declspec(dllimport) public: static class sf::Time const sf::Time::Zero" (__imp_?Zero@Time@sf@@2V12@B)
engine.obj : error LNK2019: unresolved external symbol "__declspec(dllimport) public: static class sf::Color const sf::Color::Green" (__imp_?Green@Color@sf@@2V12@B) referenced in function "public: __thiscall Engine::Engine(void)" (??0Engine@@QAE@XZ)
snakesection.obj : error LNK2001: unresolved external symbol "__declspec(dllimport) public: static class sf::Color const sf::Color::Green" (__imp_?Green@Color@sf@@2V12@B)
engine.obj : error LNK2019: unresolved external symbol "__declspec(dllimport) public: static class sf::Color const sf::Color::Blue" (__imp_?Blue@Color@sf@@2V12@B) referenced in function "public: __thiscall Engine::Engine(void)" (??0Engine@@QAE@XZ)
engine.obj : error LNK2019: unresolved external symbol "__declspec(dllimport) public: static class sf::Color const sf::Color::Yellow" (__imp_?Yellow@Color@sf@@2V12@B) referenced in function "public: __thiscall Engine::Engine(void)" (??0Engine@@QAE@XZ)
input.obj : error LNK2019: unresolved external symbol "__declspec(dllimport) public: static bool __cdecl sf::Keyboard::isKeyPressed(enum sf::Keyboard::Key)" (__imp_?isKeyPressed@Keyboard@sf@@SA_NW4Key@12@@Z) referenced in function "public: void __thiscall Engine::input(void)" (?input@Engine@@QAEXXZ)
input.obj : error LNK2019: unresolved external symbol "__declspec(dllimport) public: void __thiscall sf::Window::close(void)" (__imp_?close@Window@sf@@QAEXXZ) referenced in function "public: void __thiscall Engine::input(void)" (?input@Engine@@QAEXXZ)
input.obj : error LNK2019: unresolved external symbol "__declspec(dllimport) public: bool __thiscall sf::Window::pollEvent(class sf::Event &)" (__imp_?pollEvent@Window@sf@@QAE_NAAVEvent@2@@Z) referenced in function "public: void __thiscall Engine::input(void)" (?input@Engine@@QAEXXZ)
update.obj : error LNK2019: unresolved external symbol "__declspec(dllimport) public: float __thiscall sf::Time::asSeconds(void)const " (__imp_?asSeconds@Time@sf@@QBEMXZ) referenced in function "public: void __thiscall Engine::update(void)" (?update@Engine@@QAEXXZ)
wall.obj : error LNK2019: unresolved external symbol "__declspec(dllimport) public: static class sf::Color const sf::Color::White" (__imp_?White@Color@sf@@2V12@B) referenced in function "public: __thiscall Wall::Wall(class sf::Vector2<float>,class sf::Vector2<float>)" (??0Wall@@QAE@V?$Vector2@M@sf@@0@Z)
D:\SFML Snake Game\SFML Snake Game\\lib\sfml-main-d.lib : warning LNK4272: library machine type 'x64' conflicts with target machine type 'x86'
D:\SFML Snake Game\SFML Snake Game\\lib\sfml-system-d.lib : warning LNK4272: library machine type 'x64' conflicts with target machine type 'x86'
D:\SFML Snake Game\SFML Snake Game\\lib\sfml-window-d.lib : warning LNK4272: library machine type 'x64' conflicts with target machine type 'x86'
D:\SFML Snake Game\SFML Snake Game\\lib\sfml-graphics-d.lib : warning LNK4272: library machine type 'x64' conflicts with target machine type 'x86'
D:\SFML Snake Game\SFML Snake Game\\lib\sfml-audio-d.lib : warning LNK4272: library machine type 'x64' conflicts with target machine type 'x86'
D:\SFML Snake Game\SFML Snake Game\Debug\SFML Snake Game.exe : fatal error LNK1120: 54 unresolved externals
